This file contains any messages produced by compilers while
running configure, to aid debugging if configure makes a mistake.

It was created by MacPorts configure 2.5.2, which was
generated by GNU Autoconf 2.69.  Invocation command line was

  $ ./configure 

## --------- ##
## Platform. ##
## --------- ##

hostname = vlan-2656-10-16-230-39.student.wireless.sydney.edu.au
uname -m = x86_64
uname -r = 17.7.0
uname -s = Darwin
uname -v = Darwin Kernel Version 17.7.0: Thu Jun 21 22:53:14 PDT 2018; root:xnu-4570.71.2~1/RELEASE_X86_64

/usr/bin/uname -p = i386
/bin/uname -X     = unknown

/bin/arch              = unknown
/usr/bin/arch -k       = unknown
/usr/convex/getsysinfo = unknown
/usr/bin/hostinfo      = Mach kernel version:
	 Darwin Kernel Version 17.7.0: Thu Jun 21 22:53:14 PDT 2018; root:xnu-4570.71.2~1/RELEASE_X86_64
Kernel configured for up to 4 processors.
2 processors are physically available.
4 processors are logically available.
Processor type: x86_64h (Intel x86-64h Haswell)
Processors active: 0 1 2 3
Primary memory available: 8.00 gigabytes
Default processor set: 333 tasks, 2212 threads, 4 processors
Load average: 2.10, Mach factor: 2.25
/bin/machine           = unknown
/usr/bin/oslevel       = unknown
/bin/universe          = unknown

PATH: /Users/xiaodangan/.virtualenvs/nmf/bin
PATH: /Users/xiaodangan/.tools
PATH: /usr/local/bin
PATH: /Users/xiaodangan/.tools
PATH: /usr/local/bin
PATH: /Users/xiaodangan/.tools
PATH: /usr/local/bin
PATH: /Users/xiaodangan/.tools
PATH: /usr/local/bin
PATH: /Users/xiaodangan/.tools
PATH: /usr/local/bin
PATH: /Users/xiaodangan/.tools
PATH: /usr/local/bin
PATH: /Users/xiaodangan/.tools
PATH: /usr/local/bin
PATH: /Users/xiaodangan/.tools
PATH: /usr/local/bin
PATH: /Library/Frameworks/Python.framework/Versions/3.6/bin
PATH: /anaconda3/bin
PATH: /usr/local/bin
PATH: /usr/bin
PATH: /bin
PATH: /usr/sbin
PATH: /sbin
PATH: /Library/TeX/texbin


## ----------- ##
## Core tests. ##
## ----------- ##

configure:2399: checking build system type
configure:2413: result: x86_64-apple-darwin17.7.0
configure:2433: checking host system type
configure:2446: result: x86_64-apple-darwin17.7.0
configure:2466: checking target system type
configure:2479: result: x86_64-apple-darwin17.7.0
configure:2507: checking MacPorts version
configure:2510: result: 2.5.2
configure:2629: checking for sw_vers
configure:2647: found /usr/bin/sw_vers
configure:2659: result: /usr/bin/sw_vers
configure:2669: checking for defaults
configure:2687: found /usr/bin/defaults
configure:2699: result: /usr/bin/defaults
configure:2709: checking for xcode-select
configure:2727: found /usr/bin/xcode-select
configure:2739: result: /usr/bin/xcode-select
configure:2749: checking Mac OS X version
configure:2752: result: 10.13.6
configure:2774: checking Xcode location
configure:2786: result: /Library/Developer/CommandLineTools
configure:2885: checking for clang
configure:2901: found /usr/bin/clang
configure:2912: result: clang
configure:2943: checking for C compiler version
configure:2952: clang --version >&5
Apple LLVM version 9.1.0 (clang-902.0.39.2)
Target: x86_64-apple-darwin17.7.0
Thread model: posix
InstalledDir: /Library/Developer/CommandLineTools/usr/bin
configure:2963: $? = 0
configure:2952: clang -v >&5
Apple LLVM version 9.1.0 (clang-902.0.39.2)
Target: x86_64-apple-darwin17.7.0
Thread model: posix
InstalledDir: /Library/Developer/CommandLineTools/usr/bin
configure:2963: $? = 0
configure:2952: clang -V >&5
clang: error: argument to '-V' is missing (expected 1 value)
clang: error: no input files
configure:2963: $? = 1
configure:2952: clang -qversion >&5
clang: error: unknown argument: '-qversion'
clang: error: no input files
configure:2963: $? = 1
configure:2983: checking whether the C compiler works
configure:3005: clang    conftest.c  >&5
configure:3009: $? = 0
configure:3057: result: yes
configure:3060: checking for C compiler default output file name
configure:3062: result: a.out
configure:3068: checking for suffix of executables
configure:3075: clang -o conftest    conftest.c  >&5
configure:3079: $? = 0
configure:3101: result: 
configure:3123: checking whether we are cross compiling
configure:3131: clang -o conftest    conftest.c  >&5
configure:3135: $? = 0
configure:3142: ./conftest
configure:3146: $? = 0
configure:3161: result: no
configure:3166: checking for suffix of object files
configure:3188: clang -c   conftest.c >&5
configure:3192: $? = 0
configure:3213: result: o
configure:3217: checking whether we are using the GNU C compiler
configure:3236: clang -c   conftest.c >&5
configure:3236: $? = 0
configure:3245: result: yes
configure:3254: checking whether clang accepts -g
configure:3274: clang -c -g  conftest.c >&5
configure:3274: $? = 0
configure:3315: result: yes
configure:3332: checking for clang option to accept ISO C89
configure:3395: clang  -c -g -O2  conftest.c >&5
configure:3395: $? = 0
configure:3408: result: none needed
configure:3442: checking for a BSD-compatible install
configure:3510: result: /usr/bin/install -c
configure:3521: checking whether ln -s works
configure:3525: result: yes
configure:3532: checking whether make sets $(MAKE)
configure:3554: result: yes
configure:3674: checking for bsdmake
configure:3707: result: no
configure:3674: checking for pmake
configure:3707: result: no
configure:3717: checking for bzip2
configure:3735: found /anaconda3/bin/bzip2
configure:3747: result: /anaconda3/bin/bzip2
configure:3757: checking for bzr
configure:3790: result: no
configure:3797: checking for chown
configure:3816: found /usr/sbin/chown
configure:3828: result: /usr/sbin/chown
configure:3838: checking for cp
configure:3856: found /bin/cp
configure:3868: result: /bin/cp
configure:3878: checking for cpio
configure:3896: found /usr/bin/cpio
configure:3908: result: /usr/bin/cpio
configure:3918: checking for cvs
configure:3951: result: no
configure:3958: checking for diff
configure:3976: found /usr/bin/diff
configure:3988: result: /usr/bin/diff
configure:3998: checking for dscl
configure:4016: found /usr/bin/dscl
configure:4028: result: /usr/bin/dscl
configure:4038: checking for dseditgroup
configure:4057: found /usr/sbin/dseditgroup
configure:4069: result: /usr/sbin/dseditgroup
configure:4079: checking for file
configure:4097: found /usr/bin/file
configure:4109: result: /usr/bin/file
configure:4119: checking for find
configure:4137: found /usr/bin/find
configure:4149: result: /usr/bin/find
configure:4159: checking for git
configure:4177: found /usr/local/bin/git
configure:4189: result: /usr/local/bin/git
configure:4201: checking for gnumake
configure:4219: found /usr/bin/gnumake
configure:4231: result: /usr/bin/gnumake
configure:4246: checking for gnupatch
configure:4279: result: no
configure:4246: checking for gpatch
configure:4279: result: no
configure:4291: checking for gnutar
configure:4324: result: no
configure:4291: checking for gtar
configure:4324: result: no
configure:4334: checking for gzip
configure:4352: found /usr/bin/gzip
configure:4364: result: /usr/bin/gzip
configure:4374: checking for hdiutil
configure:4392: found /usr/bin/hdiutil
configure:4404: result: /usr/bin/hdiutil
configure:4414: checking for hg
configure:4447: result: no
configure:4454: checking for launchctl
configure:4472: found /bin/launchctl
configure:4484: result: /bin/launchctl
configure:4494: checking for lipo
configure:4512: found /usr/bin/lipo
configure:4524: result: /usr/bin/lipo
configure:4534: checking for lsbom
configure:4552: found /usr/bin/lsbom
configure:4564: result: /usr/bin/lsbom
configure:4574: checking for lzma
configure:4592: found /anaconda3/bin/lzma
configure:4604: result: /anaconda3/bin/lzma
configure:4614: checking for make
configure:4632: found /usr/bin/make
configure:4644: result: /usr/bin/make
configure:4654: checking for man
configure:4672: found /usr/bin/man
configure:4684: result: /usr/bin/man
configure:4694: checking for mdfind
configure:4712: found /usr/bin/mdfind
configure:4724: result: /usr/bin/mdfind
configure:4734: checking for mdls
configure:4752: found /usr/bin/mdls
configure:4764: result: /usr/bin/mdls
configure:4774: checking for mkbom
configure:4792: found /usr/bin/mkbom
configure:4804: result: /usr/bin/mkbom
configure:4816: checking for mtree
configure:4835: found /usr/sbin/mtree
configure:4847: result: /usr/sbin/mtree
configure:4860: checking for open
configure:4878: found /usr/bin/open
configure:4890: result: /usr/bin/open
configure:4900: checking for openssl
configure:4918: found /anaconda3/bin/openssl
configure:4930: result: /anaconda3/bin/openssl
configure:4940: checking for patch
configure:4958: found /usr/bin/patch
configure:4970: result: /usr/bin/patch
configure:4980: checking for pax
configure:4998: found /bin/pax
configure:5010: result: /bin/pax
configure:5020: checking for rmdir
configure:5038: found /bin/rmdir
configure:5050: result: /bin/rmdir
configure:5060: checking for rsync
configure:5078: found /usr/bin/rsync
configure:5090: result: /usr/bin/rsync
configure:5100: checking for sandbox-exec
configure:5118: found /usr/bin/sandbox-exec
configure:5130: result: /usr/bin/sandbox-exec
configure:5140: checking for sed
configure:5158: found /usr/bin/sed
configure:5170: result: /usr/bin/sed
configure:5180: checking for svn
configure:5198: found /usr/bin/svn
configure:5210: result: /usr/bin/svn
configure:5220: checking for swig
configure:5253: result: no
configure:5260: checking for tar
configure:5278: found /usr/bin/tar
configure:5290: result: /usr/bin/tar
configure:5300: checking for unzip
configure:5318: found /usr/bin/unzip
configure:5330: result: /usr/bin/unzip
configure:5340: checking for xar
configure:5358: found /usr/bin/xar
configure:5370: result: /usr/bin/xar
configure:5380: checking for xcodebuild
configure:5398: found /usr/bin/xcodebuild
configure:5410: result: /usr/bin/xcodebuild
configure:5420: checking for xcrun
configure:5438: found /usr/bin/xcrun
configure:5450: result: /usr/bin/xcrun
configure:5460: checking for xz
configure:5478: found /anaconda3/bin/xz
configure:5490: result: /anaconda3/bin/xz
configure:5500: checking for zip
configure:5518: found /usr/bin/zip
configure:5530: result: /usr/bin/zip
configure:5546: checking for tar
configure:5576: result: /usr/bin/tar
configure:5585: checking whether tar supports -q
configure:5588: result: yes (bsdtar)
configure:5601: checking for tar
configure:5631: result: /usr/bin/tar
configure:5641: checking for gnutar
configure:5674: result: no
configure:5680: checking for which tar variant to use
configure:5687: result: /usr/bin/tar
configure:5691: checking for /usr/bin/tar --no-same-owner support
configure:5695: result: no
configure:5706: checking for patch
configure:5736: result: /usr/bin/patch
configure:5746: checking for gpatch
configure:5779: result: no
configure:5785: checking for GNU (FSF) patch
configure:5797: result: /usr/bin/patch
configure:5829: checking how to mark unused variables
configure:5835: clang -c -g -O2  conftest.c >&5
configure:5835: $? = 0
configure:5845: result: 
configure:5853: checking for CoreFoundation framework
configure:5881: clang -o conftest -g -O2   conftest.c -framework CoreFoundation  >&5
configure:5881: $? = 0
configure:5899: result: yes
configure:5914: checking for SystemConfiguration framework
configure:5942: clang -o conftest -g -O2   conftest.c -framework SystemConfiguration  >&5
conftest.c:20:75: warning: null passed to a callee that requires a non-null argument [-Wnonnull]
                                        SCDynamicStoreRef dsRef = SCDynamicStoreCreate(NULL, NULL, NULL, NULL);
                                                                                             ~~~~            ^
1 warning generated.
configure:5942: $? = 0
configure:5960: result: yes
configure:5975: checking for IOKit framework
configure:6003: clang -o conftest -g -O2   conftest.c -framework IOKit  >&5
conftest.c:21:6: warning: implicit declaration of function 'IORegisterForSystemPower' is invalid in C99 [-Wimplicit-function-declaration]
                                        IORegisterForSystemPower(0, NULL, NULL, NULL);
                                        ^
1 warning generated.
configure:6003: $? = 0
configure:6021: result: yes
configure:6036: checking for CFNotificationCenterGetDarwinNotifyCenter
configure:6063: clang -o conftest -g -O2   conftest.c -framework CoreFoundation  >&5
configure:6063: $? = 0
configure:6081: result: yes
configure:6098: checking for whether we will build daemondo
configure:6115: result: yes
configure:6138: checking for MacPorts config directory
configure:6143: result: ${sysconfdir}/macports
configure:6200: checking for install user
configure:6206: result: root
configure:6220: checking for install group
configure:6239: result: admin
configure:6253: checking for macports user
configure:6259: result: macports
configure:6273: checking what permissions to use for installation directories
configure:6279: result: 0755
configure:6319: checking for Applications installation directory
configure:6330: result: /Applications/MacPorts
configure:6349: checking for Frameworks installation directory
configure:6356: result: /opt/local/Library/Frameworks
configure:6371: checking for startupitem_install
configure:6380: result: yes
configure:6413: checking for Universal CPU architectures
configure:6415: result: x86_64 i386
configure:6427: checking how to run the C preprocessor
configure:6458: clang -E  conftest.c
configure:6458: $? = 0
configure:6472: clang -E  conftest.c
conftest.c:14:10: fatal error: 'ac_nonexistent.h' file not found
#include <ac_nonexistent.h>
         ^~~~~~~~~~~~~~~~~~
1 error generated.
configure:6472: $? = 1
configure: failed program was:
| /* confdefs.h */
| #define PACKAGE_NAME "MacPorts"
| #define PACKAGE_TARNAME "macports"
| #define PACKAGE_VERSION "2.5.2"
| #define PACKAGE_STRING "MacPorts 2.5.2"
| #define PACKAGE_BUGREPORT "macports-dev@lists.macports.org"
| #define PACKAGE_URL ""
| #define UNUSED __attribute__((unused))
| #define HAVE_FRAMEWORK_COREFOUNDATION /**/
| #define HAVE_FRAMEWORK_SYSTEMCONFIGURATION /**/
| #define HAVE_FRAMEWORK_IOKIT /**/
| #define HAVE_FUNCTION_CFNOTIFICATIONCENTERGETDARWINNOTIFYCENTER /**/
| /* end confdefs.h.  */
| #include <ac_nonexistent.h>
configure:6497: result: clang -E
configure:6517: clang -E  conftest.c
configure:6517: $? = 0
configure:6531: clang -E  conftest.c
conftest.c:14:10: fatal error: 'ac_nonexistent.h' file not found
#include <ac_nonexistent.h>
         ^~~~~~~~~~~~~~~~~~
1 error generated.
configure:6531: $? = 1
configure: failed program was:
| /* confdefs.h */
| #define PACKAGE_NAME "MacPorts"
| #define PACKAGE_TARNAME "macports"
| #define PACKAGE_VERSION "2.5.2"
| #define PACKAGE_STRING "MacPorts 2.5.2"
| #define PACKAGE_BUGREPORT "macports-dev@lists.macports.org"
| #define PACKAGE_URL ""
| #define UNUSED __attribute__((unused))
| #define HAVE_FRAMEWORK_COREFOUNDATION /**/
| #define HAVE_FRAMEWORK_SYSTEMCONFIGURATION /**/
| #define HAVE_FRAMEWORK_IOKIT /**/
| #define HAVE_FUNCTION_CFNOTIFICATIONCENTERGETDARWINNOTIFYCENTER /**/
| /* end confdefs.h.  */
| #include <ac_nonexistent.h>
configure:6560: checking for grep that handles long lines and -e
configure:6618: result: /usr/bin/grep
configure:6623: checking for egrep
configure:6685: result: /usr/bin/grep -E
configure:6690: checking for ANSI C header files
configure:6710: clang -c -g -O2  conftest.c >&5
configure:6710: $? = 0
configure:6783: clang -o conftest -g -O2   conftest.c  >&5
configure:6783: $? = 0
configure:6783: ./conftest
configure:6783: $? = 0
configure:6794: result: yes
configure:6807: checking for sys/types.h
configure:6807: clang -c -g -O2  conftest.c >&5
configure:6807: $? = 0
configure:6807: result: yes
configure:6807: checking for sys/stat.h
configure:6807: clang -c -g -O2  conftest.c >&5
configure:6807: $? = 0
configure:6807: result: yes
configure:6807: checking for stdlib.h
configure:6807: clang -c -g -O2  conftest.c >&5
configure:6807: $? = 0
configure:6807: result: yes
configure:6807: checking for string.h
configure:6807: clang -c -g -O2  conftest.c >&5
configure:6807: $? = 0
configure:6807: result: yes
configure:6807: checking for memory.h
configure:6807: clang -c -g -O2  conftest.c >&5
configure:6807: $? = 0
configure:6807: result: yes
configure:6807: checking for strings.h
configure:6807: clang -c -g -O2  conftest.c >&5
configure:6807: $? = 0
configure:6807: result: yes
configure:6807: checking for inttypes.h
configure:6807: clang -c -g -O2  conftest.c >&5
configure:6807: $? = 0
configure:6807: result: yes
configure:6807: checking for stdint.h
configure:6807: clang -c -g -O2  conftest.c >&5
configure:6807: $? = 0
configure:6807: result: yes
configure:6807: checking for unistd.h
configure:6807: clang -c -g -O2  conftest.c >&5
configure:6807: $? = 0
configure:6807: result: yes
configure:6824: checking crt_externs.h usability
configure:6824: clang -c -g -O2  conftest.c >&5
configure:6824: $? = 0
configure:6824: result: yes
configure:6824: checking crt_externs.h presence
configure:6824: clang -E  conftest.c
configure:6824: $? = 0
configure:6824: result: yes
configure:6824: checking for crt_externs.h
configure:6824: result: yes
configure:6824: checking err.h usability
configure:6824: clang -c -g -O2  conftest.c >&5
configure:6824: $? = 0
configure:6824: result: yes
configure:6824: checking err.h presence
configure:6824: clang -E  conftest.c
configure:6824: $? = 0
configure:6824: result: yes
configure:6824: checking for err.h
configure:6824: result: yes
configure:6824: checking fcntl.h usability
configure:6824: clang -c -g -O2  conftest.c >&5
configure:6824: $? = 0
configure:6824: result: yes
configure:6824: checking fcntl.h presence
configure:6824: clang -E  conftest.c
configure:6824: $? = 0
configure:6824: result: yes
configure:6824: checking for fcntl.h
configure:6824: result: yes
configure:6824: checking libkern/OSAtomic.h usability
configure:6824: clang -c -g -O2  conftest.c >&5
configure:6824: $? = 0
configure:6824: result: yes
configure:6824: checking libkern/OSAtomic.h presence
configure:6824: clang -E  conftest.c
configure:6824: $? = 0
configure:6824: result: yes
configure:6824: checking for libkern/OSAtomic.h
configure:6824: result: yes
configure:6824: checking libproc.h usability
configure:6824: clang -c -g -O2  conftest.c >&5
configure:6824: $? = 0
configure:6824: result: yes
configure:6824: checking libproc.h presence
configure:6824: clang -E  conftest.c
configure:6824: $? = 0
configure:6824: result: yes
configure:6824: checking for libproc.h
configure:6824: result: yes
configure:6824: checking limits.h usability
configure:6824: clang -c -g -O2  conftest.c >&5
configure:6824: $? = 0
configure:6824: result: yes
configure:6824: checking limits.h presence
configure:6824: clang -E  conftest.c
configure:6824: $? = 0
configure:6824: result: yes
configure:6824: checking for limits.h
configure:6824: result: yes
configure:6824: checking paths.h usability
configure:6824: clang -c -g -O2  conftest.c >&5
configure:6824: $? = 0
configure:6824: result: yes
configure:6824: checking paths.h presence
configure:6824: clang -E  conftest.c
configure:6824: $? = 0
configure:6824: result: yes
configure:6824: checking for paths.h
configure:6824: result: yes
configure:6824: checking pwd.h usability
configure:6824: clang -c -g -O2  conftest.c >&5
configure:6824: $? = 0
configure:6824: result: yes
configure:6824: checking pwd.h presence
configure:6824: clang -E  conftest.c
configure:6824: $? = 0
configure:6824: result: yes
configure:6824: checking for pwd.h
configure:6824: result: yes
configure:6824: checking readline/history.h usability
configure:6824: clang -c -g -O2  conftest.c >&5
configure:6824: $? = 0
configure:6824: result: yes
configure:6824: checking readline/history.h presence
configure:6824: clang -E  conftest.c
configure:6824: $? = 0
configure:6824: result: yes
configure:6824: checking for readline/history.h
configure:6824: result: yes
configure:6824: checking readline/readline.h usability
configure:6824: clang -c -g -O2  conftest.c >&5
configure:6824: $? = 0
configure:6824: result: yes
configure:6824: checking readline/readline.h presence
configure:6824: clang -E  conftest.c
configure:6824: $? = 0
configure:6824: result: yes
configure:6824: checking for readline/readline.h
configure:6824: result: yes
configure:6824: checking stdatomic.h usability
configure:6824: clang -c -g -O2  conftest.c >&5
configure:6824: $? = 0
configure:6824: result: yes
configure:6824: checking stdatomic.h presence
configure:6824: clang -E  conftest.c
configure:6824: $? = 0
configure:6824: result: yes
configure:6824: checking for stdatomic.h
configure:6824: result: yes
configure:6824: checking spawn.h usability
configure:6824: clang -c -g -O2  conftest.c >&5
configure:6824: $? = 0
configure:6824: result: yes
configure:6824: checking spawn.h presence
configure:6824: clang -E  conftest.c
configure:6824: $? = 0
configure:6824: result: yes
configure:6824: checking for spawn.h
configure:6824: result: yes
configure:6824: checking sys/cdefs.h usability
configure:6824: clang -c -g -O2  conftest.c >&5
configure:6824: $? = 0
configure:6824: result: yes
configure:6824: checking sys/cdefs.h presence
configure:6824: clang -E  conftest.c
configure:6824: $? = 0
configure:6824: result: yes
configure:6824: checking for sys/cdefs.h
configure:6824: result: yes
configure:6824: checking sys/event.h usability
configure:6824: clang -c -g -O2  conftest.c >&5
configure:6824: $? = 0
configure:6824: result: yes
configure:6824: checking sys/event.h presence
configure:6824: clang -E  conftest.c
configure:6824: $? = 0
configure:6824: result: yes
configure:6824: checking for sys/event.h
configure:6824: result: yes
configure:6824: checking sys/fcntl.h usability
configure:6824: clang -c -g -O2  conftest.c >&5
configure:6824: $? = 0
configure:6824: result: yes
configure:6824: checking sys/fcntl.h presence
configure:6824: clang -E  conftest.c
configure:6824: $? = 0
configure:6824: result: yes
configure:6824: checking for sys/fcntl.h
configure:6824: result: yes
configure:6824: checking sys/file.h usability
configure:6824: clang -c -g -O2  conftest.c >&5
configure:6824: $? = 0
configure:6824: result: yes
configure:6824: checking sys/file.h presence
configure:6824: clang -E  conftest.c
configure:6824: $? = 0
configure:6824: result: yes
configure:6824: checking for sys/file.h
configure:6824: result: yes
configure:6824: checking sys/paths.h usability
configure:6824: clang -c -g -O2  conftest.c >&5
configure:6824: $? = 0
configure:6824: result: yes
configure:6824: checking sys/paths.h presence
configure:6824: clang -E  conftest.c
configure:6824: $? = 0
configure:6824: result: yes
configure:6824: checking for sys/paths.h
configure:6824: result: yes
configure:6824: checking sys/socket.h usability
configure:6824: clang -c -g -O2  conftest.c >&5

## ---------------- ##
## Cache variables. ##
## ---------------- ##

ac_cv_build=x86_64-apple-darwin17.7.0
ac_cv_c_compiler_gnu=yes
ac_cv_env_CC_set=
ac_cv_env_CC_value=
ac_cv_env_CFLAGS_set=
ac_cv_env_CFLAGS_value=
ac_cv_env_CPPFLAGS_set=
ac_cv_env_CPPFLAGS_value=
ac_cv_env_CPP_set=
ac_cv_env_CPP_value=
ac_cv_env_LDFLAGS_set=
ac_cv_env_LDFLAGS_value=
ac_cv_env_LIBS_set=
ac_cv_env_LIBS_value=
ac_cv_env_OBJCFLAGS_set=
ac_cv_env_OBJCFLAGS_value=
ac_cv_env_build_alias_set=
ac_cv_env_build_alias_value=
ac_cv_env_host_alias_set=
ac_cv_env_host_alias_value=
ac_cv_env_target_alias_set=
ac_cv_env_target_alias_value=
ac_cv_header_crt_externs_h=yes
ac_cv_header_err_h=yes
ac_cv_header_fcntl_h=yes
ac_cv_header_inttypes_h=yes
ac_cv_header_libkern_OSAtomic_h=yes
ac_cv_header_libproc_h=yes
ac_cv_header_limits_h=yes
ac_cv_header_memory_h=yes
ac_cv_header_paths_h=yes
ac_cv_header_pwd_h=yes
ac_cv_header_readline_history_h=yes
ac_cv_header_readline_readline_h=yes
ac_cv_header_spawn_h=yes
ac_cv_header_stdatomic_h=yes
ac_cv_header_stdc=yes
ac_cv_header_stdint_h=yes
ac_cv_header_stdlib_h=yes
ac_cv_header_string_h=yes
ac_cv_header_strings_h=yes
ac_cv_header_sys_cdefs_h=yes
ac_cv_header_sys_event_h=yes
ac_cv_header_sys_fcntl_h=yes
ac_cv_header_sys_file_h=yes
ac_cv_header_sys_paths_h=yes
ac_cv_header_sys_stat_h=yes
ac_cv_header_sys_types_h=yes
ac_cv_header_unistd_h=yes
ac_cv_host=x86_64-apple-darwin17.7.0
ac_cv_objext=o
ac_cv_path_BZIP2_BIN=/anaconda3/bin/bzip2
ac_cv_path_CHOWN=/usr/sbin/chown
ac_cv_path_CP=/bin/cp
ac_cv_path_CPIO=/usr/bin/cpio
ac_cv_path_DEFAULTS=/usr/bin/defaults
ac_cv_path_DIFF=/usr/bin/diff
ac_cv_path_DSCL=/usr/bin/dscl
ac_cv_path_DSEDITGROUP=/usr/sbin/dseditgroup
ac_cv_path_EGREP='/usr/bin/grep -E'
ac_cv_path_FILE=/usr/bin/file
ac_cv_path_FIND=/usr/bin/find
ac_cv_path_GIT=/usr/local/bin/git
ac_cv_path_GNUMAKE=/usr/bin/gnumake
ac_cv_path_GREP=/usr/bin/grep
ac_cv_path_GZIP_BIN=/usr/bin/gzip
ac_cv_path_HDIUTIL=/usr/bin/hdiutil
ac_cv_path_LAUNCHCTL=/bin/launchctl
ac_cv_path_LIPO=/usr/bin/lipo
ac_cv_path_LSBOM=/usr/bin/lsbom
ac_cv_path_LZMA=/anaconda3/bin/lzma
ac_cv_path_MAKE=/usr/bin/make
ac_cv_path_MAN=/usr/bin/man
ac_cv_path_MDFIND=/usr/bin/mdfind
ac_cv_path_MDLS=/usr/bin/mdls
ac_cv_path_MKBOM=/usr/bin/mkbom
ac_cv_path_MTREE=/usr/sbin/mtree
ac_cv_path_OPEN=/usr/bin/open
ac_cv_path_OPENSSL=/anaconda3/bin/openssl
ac_cv_path_PATCH=/usr/bin/patch
ac_cv_path_PAX=/bin/pax
ac_cv_path_RMDIR=/bin/rmdir
ac_cv_path_RSYNC=/usr/bin/rsync
ac_cv_path_SANDBOX_EXEC=/usr/bin/sandbox-exec
ac_cv_path_SED=/usr/bin/sed
ac_cv_path_SVN=/usr/bin/svn
ac_cv_path_SW_VERS=/usr/bin/sw_vers
ac_cv_path_TAR=/usr/bin/tar
ac_cv_path_UNZIP=/usr/bin/unzip
ac_cv_path_XAR=/usr/bin/xar
ac_cv_path_XCODEBUILD=/usr/bin/xcodebuild
ac_cv_path_XCODE_SELECT=/usr/bin/xcode-select
ac_cv_path_XCRUN=/usr/bin/xcrun
ac_cv_path_XZ=/anaconda3/bin/xz
ac_cv_path_ZIP=/usr/bin/zip
ac_cv_path_install='/usr/bin/install -c'
ac_cv_prog_CPP='clang -E'
ac_cv_prog_ac_ct_CC=clang
ac_cv_prog_cc_c89=
ac_cv_prog_cc_g=yes
ac_cv_prog_make_make_set=yes
ac_cv_target=x86_64-apple-darwin17.7.0
mp_cv_have_framework_corefoundation=yes
mp_cv_have_framework_iokit=yes
mp_cv_have_framework_systemconfiguration=yes
mp_cv_have_function_cfnotificationcentergetdarwinnotifycenter=yes

## ----------------- ##
## Output variables. ##
## ----------------- ##

BSDMAKE=''
BZIP2_BIN='/anaconda3/bin/bzip2'
BZR=''
CC='clang'
CFLAGS='-g -O2'
CFLAGS_LIBCURL=''
CFLAGS_PEDANTIC='-pedantic'
CFLAGS_QUICHEEATERS='-Wextra -Wall'
CFLAGS_SQLITE3=''
CFLAGS_WERROR=''
CHOWN='/usr/sbin/chown'
CP='/bin/cp'
CPIO='/usr/bin/cpio'
CPP='clang -E'
CPPFLAGS=''
CURL_CONFIG=''
CVS=''
DARWINTRACE_SIP_WORKAROUND_PATH=''
DEFAULTS='/usr/bin/defaults'
DEFS=''
DEVELOPER_DIR='/Library/Developer/CommandLineTools'
DIFF='/usr/bin/diff'
DSCL='/usr/bin/dscl'
DSEDITGROUP='/usr/sbin/dseditgroup'
DSTGRP='admin'
DSTMODE='0755'
DSTUSR='root'
ECHO_C='\c'
ECHO_N=''
ECHO_T=''
EGREP='/usr/bin/grep -E'
EXEEXT=''
EXTRA_PROGS=' daemondo'
FILE='/usr/bin/file'
FIND='/usr/bin/find'
GIT='/usr/local/bin/git'
GNUMAKE='/usr/bin/gnumake'
GNUPATCH='/usr/bin/patch'
GNUTAR=''
GREP='/usr/bin/grep'
GZIP_BIN='/usr/bin/gzip'
HAVE_FRAMEWORK_COREFOUNDATION='yes'
HAVE_FRAMEWORK_IOKIT='yes'
HAVE_FRAMEWORK_SYSTEMCONFIGURATION='yes'
HAVE_FUNCTION_CFNOTIFICATIONCENTERGETDARWINNOTIFYCENTER=''
HAVE_GETDELIM=''
HAVE_GETLINE=''
HAVE_STRLCAT=''
HAVE_STRLCPY=''
HDIUTIL='/usr/bin/hdiutil'
HG=''
INCLUDES=''
INSTALL_DATA='${INSTALL} -m 644'
INSTALL_PROGRAM='${INSTALL}'
INSTALL_SCRIPT='${INSTALL}'
INTREE_TCLSH=''
LAUNCHCTL='/bin/launchctl'
LDFLAGS=''
LDFLAGS_LIBCURL=''
LDFLAGS_SQLITE3=''
LIBOBJS=''
LIBS=''
LIPO='/usr/bin/lipo'
LN_S='ln -s'
LSBOM='/usr/bin/lsbom'
LTLIBOBJS=''
LZMA='/anaconda3/bin/lzma'
MACPORTS_VERSION='2.5.2'
MAKE='/usr/bin/make'
MAN='/usr/bin/man'
MD5_LIBS=''
MDFIND='/usr/bin/mdfind'
MDLS='/usr/bin/mdls'
MKBOM='/usr/bin/mkbom'
MPAPPLICATIONSDIR='/Applications/MacPorts'
MPCONFIGDIR='${sysconfdir}/macports'
MPCONFIGDIR_EXPANDED=''
MPFRAMEWORKSDIR='/opt/local/Library/Frameworks'
MTREE='/usr/sbin/mtree'
OBJEXT='o'
OPEN='/usr/bin/open'
OPENSSL='/anaconda3/bin/openssl'
OS_MAJOR=''
OS_PLATFORM=''
PACKAGE_BUGREPORT='macports-dev@lists.macports.org'
PACKAGE_NAME='MacPorts'
PACKAGE_STRING='MacPorts 2.5.2'
PACKAGE_TARNAME='macports'
PACKAGE_URL=''
PACKAGE_VERSION='2.5.2'
PATCH='/usr/bin/patch'
PATH_CLEANED='/Users/xiaodangan/.virtualenvs/nmf/bin:/Users/xiaodangan/.tools:/usr/local/bin:/Users/xiaodangan/.tools:/usr/local/bin:/Users/xiaodangan/.tools:/usr/local/bin:/Users/xiaodangan/.tools:/usr/local/bin:/Users/xiaodangan/.tools:/usr/local/bin:/Users/xiaodangan/.tools:/usr/local/bin:/Users/xiaodangan/.tools:/usr/local/bin:/Users/xiaodangan/.tools:/usr/local/bin:/Library/Frameworks/Python.framework/Versions/3.6/bin:/anaconda3/bin:/usr/local/bin:/usr/bin:/bin:/usr/sbin:/sbin:/Library/TeX/texbin'
PATH_SEPARATOR=':'
PAX='/bin/pax'
PKG_CONFIG=''
READLINE_LIBS=''
RMDIR='/bin/rmdir'
RSYNC='/usr/bin/rsync'
RUNUSR='macports'
SANDBOX_EXEC='/usr/bin/sandbox-exec'
SED='/usr/bin/sed'
SET_MAKE=''
SHELL='/bin/sh'
SHLIB_CFLAGS=''
SHLIB_LD=''
SHLIB_SUFFIX=''
STLIB_LD=''
SVN='/usr/bin/svn'
SWIG=''
SW_VERS='/usr/bin/sw_vers'
TAR='/usr/bin/tar'
TAR_CMD='/usr/bin/tar'
TAR_Q='q'
TCLSH=''
TCL_BIN_DIR=''
TCL_LIB_FILE=''
TCL_LIB_FLAG=''
TCL_LIB_SPEC=''
TCL_PACKAGE_PATH=''
TCL_PREFIX=''
TCL_SRC_DIR=''
TCL_STUB_LIB_FILE=''
TCL_STUB_LIB_FLAG=''
TCL_STUB_LIB_SPEC=''
TCL_VERSION=''
TRACEMODE_SUPPORT=''
UNIVERSAL_ARCHFLAGS=' -arch x86_64 -arch i386'
UNIVERSAL_ARCHS='x86_64 i386'
UNZIP='/usr/bin/unzip'
VENDOR_DESTROOT=''
VENDOR_TCLLIB_INSTALL=''
VENDOR_TCLLIB_SUBDIR=''
VENDOR_TCLTHREAD_INSTALL=''
VENDOR_TCLTHREAD_SUBDIR=''
VENDOR_TCLX_INSTALL=''
VENDOR_TCLX_SUBDIR=''
VENDOR_TCL_INSTALL=''
VENDOR_TCL_SUBDIR=''
XAR='/usr/bin/xar'
XCODEBUILD='/usr/bin/xcodebuild'
XCODE_SELECT='/usr/bin/xcode-select'
XCRUN='/usr/bin/xcrun'
XZ='/anaconda3/bin/xz'
ZIP='/usr/bin/zip'
ac_ct_CC='clang'
bindir='${exec_prefix}/bin'
build='x86_64-apple-darwin17.7.0'
build_alias=''
build_cpu='x86_64'
build_os='darwin17.7.0'
build_vendor='apple'
datadir='${datarootdir}'
datarootdir='${prefix}/share'
docdir='${datarootdir}/doc/${PACKAGE_TARNAME}'
dvidir='${docdir}'
exec_prefix='NONE'
host='x86_64-apple-darwin17.7.0'
host_alias=''
host_cpu='x86_64'
host_os='darwin17.7.0'
host_vendor='apple'
htmldir='${docdir}'
includedir='${prefix}/include'
infodir='${datarootdir}/info'
libdir='${exec_prefix}/lib'
libexecdir='${exec_prefix}/libexec'
localedir='${datarootdir}/locale'
localstatedir='${prefix}/var'
localstatedir_expanded=''
mandir='${datarootdir}/man'
oldincludedir='/usr/include'
pdfdir='${docdir}'
prefix='NONE'
prefix_expanded=''
program_transform_name='s,x,x,'
psdir='${docdir}'
sbindir='${exec_prefix}/sbin'
sharedstatedir='${prefix}/com'
startupitem_install='#startupitem_install	yes'
sysconfdir='${prefix}/etc'
target='x86_64-apple-darwin17.7.0'
target_alias=''
target_cpu='x86_64'
target_os='darwin17.7.0'
target_vendor='apple'

## ----------- ##
## confdefs.h. ##
## ----------- ##

/* confdefs.h */
#define PACKAGE_NAME "MacPorts"
#define PACKAGE_TARNAME "macports"
#define PACKAGE_VERSION "2.5.2"
#define PACKAGE_STRING "MacPorts 2.5.2"
#define PACKAGE_BUGREPORT "macports-dev@lists.macports.org"
#define PACKAGE_URL ""
#define UNUSED __attribute__((unused))
#define HAVE_FRAMEWORK_COREFOUNDATION /**/
#define HAVE_FRAMEWORK_SYSTEMCONFIGURATION /**/
#define HAVE_FRAMEWORK_IOKIT /**/
#define HAVE_FUNCTION_CFNOTIFICATIONCENTERGETDARWINNOTIFYCENTER /**/
#define STDC_HEADERS 1
#define HAVE_SYS_TYPES_H 1
#define HAVE_SYS_STAT_H 1
#define HAVE_STDLIB_H 1
#define HAVE_STRING_H 1
#define HAVE_MEMORY_H 1
#define HAVE_STRINGS_H 1
#define HAVE_INTTYPES_H 1
#define HAVE_STDINT_H 1
#define HAVE_UNISTD_H 1
#define HAVE_CRT_EXTERNS_H 1
#define HAVE_ERR_H 1
#define HAVE_FCNTL_H 1
#define HAVE_LIBKERN_OSATOMIC_H 1
#define HAVE_LIBPROC_H 1
#define HAVE_LIMITS_H 1
#define HAVE_PATHS_H 1
#define HAVE_PWD_H 1
#define HAVE_READLINE_HISTORY_H 1
#define HAVE_READLINE_READLINE_H 1
#define HAVE_STDATOMIC_H 1
#define HAVE_SPAWN_H 1
#define HAVE_SYS_CDEFS_H 1
#define HAVE_SYS_EVENT_H 1
#define HAVE_SYS_FCNTL_H 1
#define HAVE_SYS_FILE_H 1
#define HAVE_SYS_PATHS_H 1

configure: caught signal 2
configure: exit 1
